# JRE version: Java(TM) SE Runtime Environment (8.0_91-b14) (build 1.8.0_91-b14)
# Java VM: Java HotSpot(TM) 64-Bit Server VM (25.91-b14 mixed mode windows-amd64 compressed oops)
Heap:
 PSYoungGen      total 204288K, used 38288K [0x00000000eab00000, 0x00000000fdd80000, 0x0000000100000000)
  eden space 129024K, 25% used [0x00000000eab00000,0x00000000ecb7a590,0x00000000f2900000)
  from space 75264K, 6% used [0x00000000f2900000,0x00000000f2de9be0,0x00000000f7280000)
  to   space 76288K, 0% used [0x00000000f9300000,0x00000000f9300000,0x00000000fdd80000)
 ParOldGen       total 198656K, used 198148K [0x00000000c0000000, 0x00000000cc200000, 0x00000000eab00000)
  object space 198656K, 99% used [0x00000000c0000000,0x00000000cc1812e0,0x00000000cc200000)
 Metaspace       used 6414K, capacity 7192K, committed 7424K, reserved 1056768K
  class space    used 623K, capacity 656K, committed 768K, reserved 1048576K
GC Heap History (10 events):
Event: 24.597 GC heap before
{Heap before GC invocations=11 (full 2):
 PSYoungGen      total 148480K, used 39407K [0x00000000eab00000, 0x00000000fad00000, 0x0000000100000000)
  eden space 109056K, 0% used [0x00000000eab00000,0x00000000eab00000,0x00000000f1580000)
  from space 39424K, 99% used [0x00000000f1580000,0x00000000f3bfbe60,0x00000000f3c00000)
  to   space 59904K, 0% used [0x00000000f7280000,0x00000000f7280000,0x00000000fad00000)
 ParOldGen       total 120320K, used 100360K [0x00000000c0000000, 0x00000000c7580000, 0x00000000eab00000)
  object space 120320K, 83% used [0x00000000c0000000,0x00000000c62022a0,0x00000000c7580000)
 Metaspace       used 6411K, capacity 7192K, committed 7424K, reserved 1056768K
  class space    used 623K, capacity 656K, committed 768K, reserved 1048576K
Event: 25.098 GC heap after
Heap after GC invocations=11 (full 2):
 PSYoungGen      total 148480K, used 11184K [0x00000000eab00000, 0x00000000fad00000, 0x0000000100000000)
  eden space 109056K, 0% used [0x00000000eab00000,0x00000000eab00000,0x00000000f1580000)
  from space 39424K, 28% used [0x00000000f1580000,0x00000000f206c3a0,0x00000000f3c00000)
  to   space 59904K, 0% used [0x00000000f7280000,0x00000000f7280000,0x00000000fad00000)
 ParOldGen       total 198656K, used 119898K [0x00000000c0000000, 0x00000000cc200000, 0x00000000eab00000)
  object space 198656K, 60% used [0x00000000c0000000,0x00000000c7516850,0x00000000cc200000)
 Metaspace       used 6411K, capacity 7192K, committed 7424K, reserved 1056768K
  class space    used 623K, capacity 656K, committed 768K, reserved 1048576K
}
Event: 25.239 GC heap before
{Heap before GC invocations=12 (full 2):
 PSYoungGen      total 148480K, used 120240K [0x00000000eab00000, 0x00000000fad00000, 0x0000000100000000)
  eden space 109056K, 100% used [0x00000000eab00000,0x00000000f1580000,0x00000000f1580000)
  from space 39424K, 28% used [0x00000000f1580000,0x00000000f206c3a0,0x00000000f3c00000)
  to   space 59904K, 0% used [0x00000000f7280000,0x00000000f7280000,0x00000000fad00000)
 ParOldGen       total 198656K, used 119898K [0x00000000c0000000, 0x00000000cc200000, 0x00000000eab00000)
  object space 198656K, 60% used [0x00000000c0000000,0x00000000c7516850,0x00000000cc200000)
 Metaspace       used 6412K, capacity 7192K, committed 7424K, reserved 1056768K
  class space    used 623K, capacity 656K, committed 768K, reserved 1048576K
Event: 25.494 GC heap after
Heap after GC invocations=12 (full 2):
 PSYoungGen      total 188928K, used 59878K [0x00000000eab00000, 0x00000000fbc00000, 0x0000000100000000)
  eden space 129024K, 0% used [0x00000000eab00000,0x00000000eab00000,0x00000000f2900000)
  from space 59904K, 99% used [0x00000000f7280000,0x00000000facf9ab8,0x00000000fad00000)
  to   space 75264K, 0% used [0x00000000f2900000,0x00000000f2900000,0x00000000f7280000)
 ParOldGen       total 198656K, used 132711K [0x00000000c0000000, 0x00000000cc200000, 0x00000000eab00000)
  object space 198656K, 66% used [0x00000000c0000000,0x00000000c8199d80,0x00000000cc200000)
 Metaspace       used 6412K, capacity 7192K, committed 7424K, reserved 1056768K
  class space    used 623K, capacity 656K, committed 768K, reserved 1048576K
}
Event: 26.063 GC heap before
{Heap before GC invocations=13 (full 2):
 PSYoungGen      total 188928K, used 188902K [0x00000000eab00000, 0x00000000fbc00000, 0x0000000100000000)
  eden space 129024K, 100% used [0x00000000eab00000,0x00000000f2900000,0x00000000f2900000)
  from space 59904K, 99% used [0x00000000f7280000,0x00000000facf9ab8,0x00000000fad00000)
  to   space 75264K, 0% used [0x00000000f2900000,0x00000000f2900000,0x00000000f7280000)
 ParOldGen       total 198656K, used 132711K [0x00000000c0000000, 0x00000000cc200000, 0x00000000eab00000)
  object space 198656K, 66% used [0x00000000c0000000,0x00000000c8199d80,0x00000000cc200000)
 Metaspace       used 6414K, capacity 7192K, committed 7424K, reserved 1056768K
  class space    used 623K, capacity 656K, committed 768K, reserved 1048576K
Event: 26.489 GC heap after
Heap after GC invocations=13 (full 2):
 PSYoungGen      total 204288K, used 42443K [0x00000000eab00000, 0x00000000fdd80000, 0x0000000100000000)
  eden space 129024K, 0% used [0x00000000eab00000,0x00000000eab00000,0x00000000f2900000)
  from space 75264K, 56% used [0x00000000f2900000,0x00000000f5272cb0,0x00000000f7280000)
  to   space 76288K, 0% used [0x00000000f9300000,0x00000000f9300000,0x00000000fdd80000)
 ParOldGen       total 198656K, used 193013K [0x00000000c0000000, 0x00000000cc200000, 0x00000000eab00000)
  object space 198656K, 97% used [0x00000000c0000000,0x00000000cbc7d438,0x00000000cc200000)
 Metaspace       used 6414K, capacity 7192K, committed 7424K, reserved 1056768K
  class space    used 623K, capacity 656K, committed 768K, reserved 1048576K
}
Event: 26.489 GC heap before
{Heap before GC invocations=14 (full 3):
 PSYoungGen      total 204288K, used 42443K [0x00000000eab00000, 0x00000000fdd80000, 0x0000000100000000)
  eden space 129024K, 0% used [0x00000000eab00000,0x00000000eab00000,0x00000000f2900000)
  from space 75264K, 56% used [0x00000000f2900000,0x00000000f5272cb0,0x00000000f7280000)
  to   space 76288K, 0% used [0x00000000f9300000,0x00000000f9300000,0x00000000fdd80000)
 ParOldGen       total 198656K, used 193013K [0x00000000c0000000, 0x00000000cc200000, 0x00000000eab00000)
  object space 198656K, 97% used [0x00000000c0000000,0x00000000cbc7d438,0x00000000cc200000)
 Metaspace       used 6414K, capacity 7192K, committed 7424K, reserved 1056768K
  class space    used 623K, capacity 656K, committed 768K, reserved 1048576K
Event: 29.800 GC heap after
Heap after GC invocations=14 (full 3):
 PSYoungGen      total 204288K, used 28079K [0x00000000eab00000, 0x00000000fdd80000, 0x0000000100000000)
  eden space 129024K, 0% used [0x00000000eab00000,0x00000000eab00000,0x00000000f2900000)
  from space 75264K, 37% used [0x00000000f2900000,0x00000000f446bc58,0x00000000f7280000)
  to   space 76288K, 0% used [0x00000000f9300000,0x00000000f9300000,0x00000000fdd80000)
 ParOldGen       total 198656K, used 198436K [0x00000000c0000000, 0x00000000cc200000, 0x00000000eab00000)
  object space 198656K, 99% used [0x00000000c0000000,0x00000000cc1c92b0,0x00000000cc200000)
 Metaspace       used 6414K, capacity 7192K, committed 7424K, reserved 1056768K
  class space    used 623K, capacity 656K, committed 768K, reserved 1048576K
}
Event: 30.436 GC heap before
{Heap before GC invocations=15 (full 4):
 PSYoungGen      total 204288K, used 157103K [0x00000000eab00000, 0x00000000fdd80000, 0x0000000100000000)
  eden space 129024K, 100% used [0x00000000eab00000,0x00000000f2900000,0x00000000f2900000)
  from space 75264K, 37% used [0x00000000f2900000,0x00000000f446bc58,0x00000000f7280000)
  to   space 76288K, 0% used [0x00000000f9300000,0x00000000f9300000,0x00000000fdd80000)
 ParOldGen       total 198656K, used 198436K [0x00000000c0000000, 0x00000000cc200000, 0x00000000eab00000)
  object space 198656K, 99% used [0x00000000c0000000,0x00000000cc1c92b0,0x00000000cc200000)
 Metaspace       used 6414K, capacity 7192K, committed 7424K, reserved 1056768K
  class space    used 623K, capacity 656K, committed 768K, reserved 1048576K
Event: 32.313 GC heap after
Heap after GC invocations=15 (full 4):
 PSYoungGen      total 204288K, used 5030K [0x00000000eab00000, 0x00000000fdd80000, 0x0000000100000000)
  eden space 129024K, 0% used [0x00000000eab00000,0x00000000eab00000,0x00000000f2900000)
  from space 75264K, 6% used [0x00000000f2900000,0x00000000f2de9be0,0x00000000f7280000)
  to   space 76288K, 0% used [0x00000000f9300000,0x00000000f9300000,0x00000000fdd80000)
 ParOldGen       total 198656K, used 198148K [0x00000000c0000000, 0x00000000cc200000, 0x00000000eab00000)
  object space 198656K, 99% used [0x00000000c0000000,0x00000000cc1812e0,0x00000000cc200000)
 Metaspace       used 6414K, capacity 7192K, committed 7424K, reserved 1056768K
  class space    used 623K, capacity 656K, committed 768K, reserved 1048576K
}

